{
  "RSpec": {
    "coverage": {
      "/Users/Harry/wrecclesham_fc/wrecclesham_fc/spec/features/user_feature_spec.rb": [
        1,
        null,
        1,
        1,
        1,
        1,
        1,
        1,
        null,
        null,
        1,
        2,
        1,
        1,
        1,
        1,
        1,
        null,
        null,
        null
      ],
      "/Users/Harry/wrecclesham_fc/wrecclesham_fc/spec/rails_helper.rb": [
        null,
        1,
        1,
        1,
        1,
        null,
        null,
        null,
        null,
        null,
        null,
        null,
        null,
        null,
        null,
        null,
        null,
        null,
        null,
        null,
        null,
        null,
        null,
        null,
        1,
        null,
        1,
        null,
        1,
        null,
        null,
        null,
        null,
        1,
        null,
        null,
        null,
        null,
        null,
        null,
        null,
        null,
        null,
        null,
        null,
        null,
        null,
        null,
        1,
        null
      ],
      "/Users/Harry/wrecclesham_fc/wrecclesham_fc/config/environment.rb": [
        null,
        1,
        null,
        null,
        1
      ],
      "/Users/Harry/wrecclesham_fc/wrecclesham_fc/config/application.rb": [
        1,
        null,
        1,
        null,
        1,
        1,
        1,
        1,
        1,
        1,
        1,
        1,
        null,
        null,
        null,
        null,
        1,
        null,
        1,
        1,
        null,
        null,
        null,
        null,
        null
      ],
      "/Users/Harry/wrecclesham_fc/wrecclesham_fc/config/boot.rb": [
        1,
        null,
        1
      ],
      "/Users/Harry/wrecclesham_fc/wrecclesham_fc/config/environments/test.rb": [
        1,
        null,
        null,
        null,
        null,
        null,
        null,
        1,
        null,
        null,
        null,
        null,
        1,
        null,
        null,
        1,
        1,
        null,
        null,
        null,
        null,
        1,
        1,
        null,
        null,
        1,
        null,
        null,
        1,
        1,
        null,
        null,
        null,
        null,
        1,
        null,
        null,
        1,
        null,
        null,
        null,
        null
      ],
      "/Users/Harry/wrecclesham_fc/wrecclesham_fc/config/initializers/active_record_belongs_to_required_by_default.rb": [
        null,
        null,
        null,
        null,
        null,
        1
      ],
      "/Users/Harry/wrecclesham_fc/wrecclesham_fc/config/initializers/application_controller_renderer.rb": [
        null,
        null,
        null,
        null,
        null,
        null
      ],
      "/Users/Harry/wrecclesham_fc/wrecclesham_fc/config/initializers/assets.rb": [
        null,
        null,
        null,
        1,
        null,
        null,
        null,
        null,
        null,
        null,
        null
      ],
      "/Users/Harry/wrecclesham_fc/wrecclesham_fc/config/initializers/backtrace_silencers.rb": [
        null,
        null,
        null,
        null,
        null,
        null,
        null
      ],
      "/Users/Harry/wrecclesham_fc/wrecclesham_fc/config/initializers/callback_terminator.rb": [
        null,
        null,
        null,
        null,
        null,
        1
      ],
      "/Users/Harry/wrecclesham_fc/wrecclesham_fc/config/initializers/cookies_serializer.rb": [
        null,
        null,
        null,
        null,
        1
      ],
      "/Users/Harry/wrecclesham_fc/wrecclesham_fc/config/initializers/devise.rb": [
        null,
        null,
        1,
        null,
        null,
        null,
        null,
        null,
        null,
        null,
        null,
        null,
        null,
        null,
        1,
        null,
        null,
        null,
        null,
        null,
        null,
        null,
        null,
        null,
        null,
        null,
        1,
        null,
        null,
        null,
        null,
        null,
        null,
        null,
        null,
        null,
        null,
        null,
        null,
        null,
        null,
        null,
        null,
        null,
        null,
        null,
        null,
        null,
        1,
        null,
        null,
        null,
        null,
        1,
        null,
        null,
        null,
        null,
        null,
        null,
        null,
        null,
        null,
        null,
        null,
        null,
        null,
        null,
        null,
        null,
        null,
        null,
        null,
        null,
        null,
        null,
        null,
        null,
        null,
        null,
        null,
        null,
        null,
        null,
        1,
        null,
        null,
        null,
        null,
        null,
        null,
        null,
        null,
        null,
        null,
        null,
        null,
        null,
        null,
        null,
        null,
        null,
        null,
        null,
        null,
        null,
        null,
        1,
        null,
        null,
        null,
        null,
        null,
        null,
        null,
        null,
        null,
        null,
        null,
        null,
        null,
        null,
        null,
        null,
        null,
        null,
        null,
        null,
        null,
        null,
        null,
        null,
        null,
        null,
        null,
        1,
        null,
        null,
        null,
        null,
        null,
        null,
        null,
        null,
        null,
        1,
        null,
        null,
        null,
        null,
        null,
        null,
        null,
        null,
        null,
        null,
        1,
        null,
        null,
        null,
        null,
        1,
        null,
        null,
        null,
        null,
        null,
        null,
        null,
        null,
        null,
        null,
        null,
        null,
        null,
        null,
        null,
        null,
        null,
        null,
        null,
        null,
        null,
        null,
        null,
        null,
        null,
        null,
        null,
        null,
        null,
        null,
        null,
        null,
        null,
        null,
        null,
        null,
        null,
        null,
        null,
        null,
        1,
        null,
        null,
        null,
        null,
        null,
        null,
        null,
        null,
        null,
        null,
        null,
        null,
        null,
        null,
        null,
        null,
        null,
        null,
        null,
        null,
        null,
        null,
        null,
        null,
        null,
        null,
        null,
        null,
        null,
        null,
        null,
        null,
        null,
        null,
        null,
        null,
        null,
        null,
        null,
        null,
        null,
        1,
        null,
        null,
        null,
        null,
        null,
        null,
        null,
        null,
        null,
        null,
        null,
        null,
        null,
        null,
        null,
        null,
        null,
        null,
        null,
        null,
        null,
        null,
        null,
        null,
        null,
        null,
        null,
        null,
        null
      ],
      "/Users/Harry/wrecclesham_fc/wrecclesham_fc/config/initializers/filter_parameter_logging.rb": [
        null,
        null,
        null,
        1
      ],
      "/Users/Harry/wrecclesham_fc/wrecclesham_fc/config/initializers/inflections.rb": [
        null,
        null,
        null,
        null,
        null,
        null,
        null,
        null,
        null,
        null,
        null,
        null,
        null,
        null,
        null,
        null
      ],
      "/Users/Harry/wrecclesham_fc/wrecclesham_fc/config/initializers/mime_types.rb": [
        null,
        null,
        null,
        null
      ],
      "/Users/Harry/wrecclesham_fc/wrecclesham_fc/config/initializers/per_form_csrf_tokens.rb": [
        null,
        null,
        null,
        1
      ],
      "/Users/Harry/wrecclesham_fc/wrecclesham_fc/config/initializers/request_forgery_protection.rb": [
        null,
        null,
        null,
        1
      ],
      "/Users/Harry/wrecclesham_fc/wrecclesham_fc/config/initializers/session_store.rb": [
        null,
        null,
        1
      ],
      "/Users/Harry/wrecclesham_fc/wrecclesham_fc/config/initializers/wrap_parameters.rb": [
        null,
        null,
        null,
        null,
        null,
        null,
        1,
        1,
        null,
        null,
        null,
        null,
        null,
        null
      ],
      "/Users/Harry/wrecclesham_fc/wrecclesham_fc/spec/factories/users.rb": [
        1,
        1,
        1,
        1,
        null,
        1,
        1,
        null,
        null,
        null
      ],
      "/Users/Harry/wrecclesham_fc/wrecclesham_fc/app/models/user.rb": [
        1,
        null,
        null,
        1,
        null,
        null
      ],
      "/Users/Harry/wrecclesham_fc/wrecclesham_fc/app/models/application_record.rb": [
        1,
        1,
        null
      ],
      "/Users/Harry/wrecclesham_fc/wrecclesham_fc/app/channels/application_cable/connection.rb": [
        null,
        1,
        1,
        null,
        null
      ],
      "/Users/Harry/wrecclesham_fc/wrecclesham_fc/config/routes.rb": [
        1,
        1,
        null,
        null,
        null,
        null,
        1,
        null,
        1,
        null,
        1,
        1,
        1,
        null,
        null
      ],
      "/Users/Harry/wrecclesham_fc/wrecclesham_fc/app/helpers/application_helper.rb": [
        1,
        null,
        1,
        4,
        null,
        null,
        1,
        null,
        null,
        null,
        null,
        null,
        1,
        null,
        null,
        null
      ],
      "/Users/Harry/wrecclesham_fc/wrecclesham_fc/app/helpers/fixtures_helper.rb": [
        1,
        1,
        0,
        0,
        0,
        0,
        null,
        null,
        null,
        null,
        null,
        null,
        null,
        null,
        null,
        null,
        null,
        null
      ],
      "/Users/Harry/wrecclesham_fc/wrecclesham_fc/app/helpers/league_tables_helper.rb": [
        1,
        null
      ],
      "/Users/Harry/wrecclesham_fc/wrecclesham_fc/app/helpers/teams_helper.rb": [
        1,
        1,
        0,
        0,
        null,
        null,
        null,
        null,
        null,
        null,
        null,
        null,
        null,
        null,
        null,
        null,
        null,
        null,
        1,
        0,
        0,
        0,
        null,
        null,
        null,
        null,
        null,
        null,
        null,
        null,
        null,
        null,
        null,
        null,
        null,
        null
      ],
      "/Users/Harry/wrecclesham_fc/wrecclesham_fc/app/helpers/welcome_helper.rb": [
        1,
        null
      ],
      "/Users/Harry/wrecclesham_fc/wrecclesham_fc/spec/models/team_spec.rb": [
        1,
        null,
        1,
        null
      ],
      "/Users/Harry/wrecclesham_fc/wrecclesham_fc/app/models/team.rb": [
        1,
        1,
        null,
        1,
        null,
        1,
        null,
        1,
        0,
        0,
        null,
        0,
        null,
        null,
        1,
        0,
        null,
        null,
        1,
        null,
        1,
        0,
        0,
        0,
        null,
        0,
        0,
        null,
        null,
        1,
        0,
        0,
        0,
        null,
        0,
        null,
        null
      ],
      "/Users/Harry/wrecclesham_fc/wrecclesham_fc/app/controllers/welcome_controller.rb": [
        1,
        1,
        1,
        null,
        1,
        null,
        null,
        null,
        1,
        null,
        null,
        1,
        null,
        null
      ],
      "/Users/Harry/wrecclesham_fc/wrecclesham_fc/app/controllers/application_controller.rb": [
        1,
        null,
        null,
        1,
        null,
        1,
        null,
        1,
        null,
        1,
        5,
        5,
        null,
        null,
        null
      ],
      "/Users/Harry/wrecclesham_fc/wrecclesham_fc/app/models/league_table.rb": [
        1,
        1,
        null,
        null
      ]
    },
    "timestamp": 1462584549
  }
}
